<?xml version="1.0" encoding="UTF-8"?>
<testsuite xmlns:xsi="http://www.w3.org/2001/XMLSchema-instance" xsi:noNamespaceSchemaLocation="https://maven.apache.org/surefire/maven-surefire-plugin/xsd/surefire-test-report-3.0.xsd" version="3.0" name="com.grupoBC05.testing.RecomendadorActividadesTest" time="0.207" tests="14" errors="0" skipped="0" failures="2">
  <properties>
[...]
</properties>
  <testcase name="testSenderismoNoDisponibleAforo" classname="com.grupoBC05.testing.RecomendadorActividadesTest" time="0.057"/>
  <testcase name="testActividadesVerano" classname="com.grupoBC05.testing.RecomendadorActividadesTest" time="0.003"/>
  <testcase name="testSenderismoDisponible" classname="com.grupoBC05.testing.RecomendadorActividadesTest" time="0.003"/>
  <testcase name="testCulturalesGastronomicas" classname="com.grupoBC05.testing.RecomendadorActividadesTest" time="0.002"/>
  <testcase name="testEsquiarNoDisponibleAforo" classname="com.grupoBC05.testing.RecomendadorActividadesTest" time="0.002"/>
  <testcase name="testEsquiarDisponible" classname="com.grupoBC05.testing.RecomendadorActividadesTest" time="0.003"/>
  <testcase name="testPlayaPiscinaDisponible" classname="com.grupoBC05.testing.RecomendadorActividadesTest" time="0.024">
    <failure message="expected: &lt;Playa o piscina&gt; but was: &lt;Culturales o gastronómicas&gt;" type="org.opentest4j.AssertionFailedError"><![CDATA[org.opentest4j.AssertionFailedError: expected: <Playa o piscina> but was: <Culturales o gastronómicas>
	at org.junit.jupiter.api.AssertionFailureBuilder.build(AssertionFailureBuilder.java:151)
	at org.junit.jupiter.api.AssertionFailureBuilder.buildAndThrow(AssertionFailureBuilder.java:132)
	at org.junit.jupiter.api.AssertEquals.failNotEqual(AssertEquals.java:197)
	at org.junit.jupiter.api.AssertEquals.assertEquals(AssertEquals.java:182)
	at org.junit.jupiter.api.AssertEquals.assertEquals(AssertEquals.java:177)
	at org.junit.jupiter.api.Assertions.assertEquals(Assertions.java:1141)
	at com.grupoBC05.testing.RecomendadorActividadesTest.testPlayaPiscinaDisponible(RecomendadorActividadesTest.java:79)
	at java.base/java.lang.reflect.Method.invoke(Method.java:568)
	at java.base/java.util.ArrayList.forEach(ArrayList.java:1511)
	at java.base/java.util.ArrayList.forEach(ArrayList.java:1511)
]]></failure>
  </testcase>
  <testcase name="testNoPlenasFacultades" classname="com.grupoBC05.testing.RecomendadorActividadesTest" time="0.003"/>
  <testcase name="testNevadaQuedarseEnCasa" classname="com.grupoBC05.testing.RecomendadorActividadesTest" time="0.001"/>
  <testcase name="testSinRecomendacionGeneral" classname="com.grupoBC05.testing.RecomendadorActividadesTest" time="0.001"/>
  <testcase name="testLluviaQuedarseEnCasa" classname="com.grupoBC05.testing.RecomendadorActividadesTest" time="0.001"/>
  <testcase name="testConSintomas" classname="com.grupoBC05.testing.RecomendadorActividadesTest" time="0.001"/>
  <testcase name="testActividadesVeranoNoAforo" classname="com.grupoBC05.testing.RecomendadorActividadesTest" time="0.002"/>
  <testcase name="testPlayaPiscinaNoDisponibleAforo" classname="com.grupoBC05.testing.RecomendadorActividadesTest" time="0.003">
    <failure message="expected: &lt;Actividad no disponible por aforo&gt; but was: &lt;Culturales o gastronómicas&gt;" type="org.opentest4j.AssertionFailedError"><![CDATA[org.opentest4j.AssertionFailedError: expected: <Actividad no disponible por aforo> but was: <Culturales o gastronómicas>
	at org.junit.jupiter.api.AssertionFailureBuilder.build(AssertionFailureBuilder.java:151)
	at org.junit.jupiter.api.AssertionFailureBuilder.buildAndThrow(AssertionFailureBuilder.java:132)
	at org.junit.jupiter.api.AssertEquals.failNotEqual(AssertEquals.java:197)
	at org.junit.jupiter.api.AssertEquals.assertEquals(AssertEquals.java:182)
	at org.junit.jupiter.api.AssertEquals.assertEquals(AssertEquals.java:177)
	at org.junit.jupiter.api.Assertions.assertEquals(Assertions.java:1141)
	at com.grupoBC05.testing.RecomendadorActividadesTest.testPlayaPiscinaNoDisponibleAforo(RecomendadorActividadesTest.java:85)
	at java.base/java.lang.reflect.Method.invoke(Method.java:568)
	at java.base/java.util.ArrayList.forEach(ArrayList.java:1511)
	at java.base/java.util.ArrayList.forEach(ArrayList.java:1511)
]]></failure>
  </testcase>
</testsuite>