<?xml version="1.0" encoding="UTF-8"?>
<testsuite xmlns:xsi="http://www.w3.org/2001/XMLSchema-instance" xsi:noNamespaceSchemaLocation="https://maven.apache.org/surefire/maven-surefire-plugin/xsd/surefire-test-report-3.0.xsd" version="3.0" name="com.grupoBC05.testing.RecomendadorActividadesTest" time="0.09" tests="13" errors="0" skipped="0" failures="0">
  <properties>
[...]
</properties>
  <testcase name="testSintomasRecientes" classname="com.grupoBC05.testing.RecomendadorActividadesTest" time="0.032"/>
  <testcase name="testSenderismoDisponible" classname="com.grupoBC05.testing.RecomendadorActividadesTest" time="0.001"/>
  <testcase name="testSinFacultades" classname="com.grupoBC05.testing.RecomendadorActividadesTest" time="0.001"/>
  <testcase name="testCulturalesGastronomicas" classname="com.grupoBC05.testing.RecomendadorActividadesTest" time="0.0"/>
  <testcase name="testPlayaPiscinaDisponible" classname="com.grupoBC05.testing.RecomendadorActividadesTest" time="0.001"/>
  <testcase name="testSenderismoNoAforo" classname="com.grupoBC05.testing.RecomendadorActividadesTest" time="0.001"/>
  <testcase name="testFrioSecoEsquiarDisponible" classname="com.grupoBC05.testing.RecomendadorActividadesTest" time="0.0"/>
  <testcase name="testActividadesPrimaveraNoAforo" classname="com.grupoBC05.testing.RecomendadorActividadesTest" time="0.001"/>
  <testcase name="testFrioSecoEsquiarNoAforo" classname="com.grupoBC05.testing.RecomendadorActividadesTest" time="0.0"/>
  <testcase name="testActividadesPrimaveraDisponible" classname="com.grupoBC05.testing.RecomendadorActividadesTest" time="0.001"/>
  <testcase name="testFrioNieveAgua" classname="com.grupoBC05.testing.RecomendadorActividadesTest" time="0.001"/>
  <testcase name="testSinRecomendacion" classname="com.grupoBC05.testing.RecomendadorActividadesTest" time="0.001"/>
  <testcase name="testPlayaPiscinaNoDisponibleAforo" classname="com.grupoBC05.testing.RecomendadorActividadesTest" time="0.001"/>
</testsuite>